nohup: ignoring input
Converting final 3 files with chunking to avoid memory issues...
Memory-efficient chunked processing (10M records per chunk)


Processing: cdx-00099.gz
  Source: /storage/ccindex/CC-MAIN-2024-33/cdx-00099.gz
  Dest: /storage/ccindex_parquet/CC-MAIN-2024-33-cdx-00099.gz.parquet
  Reading chunk 1 (up to 10,000,000 records)...
  Sorting chunk 1 (10,000,000 records)...
  Writing chunk 1...
  Chunk 1 complete
  Reading chunk 2 (up to 10,000,000 records)...
  Sorting chunk 2 (431,282 records)...
  Appending chunk 2...
✗ FAILED: cdx-00099.gz
  Error: basename_template did not contain '{i}'

Processing: cdx-00099.gz
  Source: /storage/ccindex/CC-MAIN-2024-38/cdx-00099.gz
  Dest: /storage/ccindex_parquet/CC-MAIN-2024-38-cdx-00099.gz.parquet
  Reading chunk 1 (up to 10,000,000 records)...
  Sorting chunk 1 (10,000,000 records)...
  Writing chunk 1...
  Chunk 1 complete
  Reading chunk 2 (up to 10,000,000 records)...
  Sorting chunk 2 (3,639,448 records)...
  Appending chunk 2...
✗ FAILED: cdx-00099.gz
  Error: basename_template did not contain '{i}'

Processing: cdx-00099.gz
  Source: /storage/ccindex/CC-MAIN-2024-42/cdx-00099.gz
  Dest: /storage/ccindex_parquet/CC-MAIN-2024-42-cdx-00099.gz.parquet
  Reading chunk 1 (up to 10,000,000 records)...
  Sorting chunk 1 (10,000,000 records)...
  Writing chunk 1...
  Chunk 1 complete
  Reading chunk 2 (up to 10,000,000 records)...
  Sorting chunk 2 (365,877 records)...
  Appending chunk 2...
✗ FAILED: cdx-00099.gz
  Error: basename_template did not contain '{i}'

============================================================
Conversion complete!
  Success: 0/3
  Failed: 3/3
============================================================
