usage: build_cc_pointer_duckdb.py [-h] --input-root INPUT_ROOT --db DB
                                  [--shard-by-year] [--shard-by-collection]
                                  [--collections COLLECTIONS]
                                  [--collections-regex COLLECTIONS_REGEX]
                                  [--max-files MAX_FILES]
                                  [--max-lines-per-file MAX_LINES_PER_FILE]
                                  [--batch-rows BATCH_ROWS]
                                  [--threads THREADS]
                                  [--memory-limit-gib MEMORY_LIMIT_GIB]
                                  [--cdx-shard-mod CDX_SHARD_MOD]
                                  [--cdx-shard-rem CDX_SHARD_REM]
                                  [--create-indexes]
                                  [--duckdb-index-mode {url,domain}]
                                  [--domain-index-action {append,rebuild}]
                                  [--parquet-out PARQUET_OUT]
                                  [--parquet-action {write,skip-if-exists,skip}]
                                  [--parquet-validate {quick,none}]
                                  [--resume-require-parquet | --no-resume-require-parquet]
                                  [--parquet-compression {zstd,snappy,gzip}]
                                  [--parquet-compression-level PARQUET_COMPRESSION_LEVEL]
                                  [--parquet-sort {none,duckdb}]
                                  [--domain-range-index | --no-domain-range-index]
                                  [--progress-dir PROGRESS_DIR]
                                  [--progress-interval-seconds PROGRESS_INTERVAL_SECONDS]
build_cc_pointer_duckdb.py: error: the following arguments are required: --input-root, --db
