Starting pipeline with stages: ['convert', 'index']
Years: [2024, 2025]
Max workers: 12

Found 22 collections

======================================================================
STAGE 2: Convert & Sort
======================================================================
Found 0 .gz files
Need to process 0 files

Convert & Sort stage complete

======================================================================
STAGE 3: Build Indexes
======================================================================
  [1/22] ✗ CC-MAIN-2024-10: no_parquet_files
  [2/22] ✗ CC-MAIN-2024-22: no_parquet_files
  [3/22] ✗ CC-MAIN-2024-30: no_parquet_files
  [4/22] ✗ CC-MAIN-2025-18: no_parquet_files
  [5/22] ✗ CC-MAIN-2024-26: no_parquet_files
  [6/22] ✗ CC-MAIN-2025-13: no_parquet_files
  [7/22] ✗ CC-MAIN-2025-21: no_parquet_files
  [8/22] ✗ CC-MAIN-2025-26: no_parquet_files
  [9/22] ✗ CC-MAIN-2024-18: no_parquet_files
  [10/22] ✗ CC-MAIN-2025-38: no_parquet_files
  [11/22] ✗ CC-MAIN-2025-33: no_parquet_files
  [12/22] ✗ CC-MAIN-2025-30: no_parquet_files
  [13/22] ✗ CC-MAIN-2024-46: no_parquet_files
  [14/22] ✗ CC-MAIN-2025-43: no_parquet_files
  [15/22] ✗ CC-MAIN-2025-05: no_parquet_files
  [16/22] ✗ CC-MAIN-2025-51: no_parquet_files
  [17/22] ✗ CC-MAIN-2024-51: no_parquet_files
  [18/22] ✗ CC-MAIN-2025-47: no_parquet_files
  [19/22] ✗ CC-MAIN-2025-08: no_parquet_files
  [20/22] ✗ CC-MAIN-2024-33: corrupted_parquet: Constraint Error: Duplicate key "domain: www.meghanchristine.com, parquet_file: CC-MAIN-2024-33-cdx-00099.gz.parquet" violates primary key constraint.
  [21/22] ✗ CC-MAIN-2024-42: corrupted_parquet: Constraint Error: Duplicate key "domain: miniaturetitans.com, parquet_file: CC-MAIN-2024-42-cdx-00099.gz.parquet" violates primary key constraint.
  [22/22] ✗ CC-MAIN-2024-38: corrupted_parquet: Constraint Error: Duplicate key "domain: www.maturesfuck.com, parquet_file: CC-MAIN-2024-38-cdx-00099.gz.parquet" violates primary key constraint.

Building metadata index...
  ✓ Metadata: metadata_indexed

Index building complete

Pipeline complete!
