nohup: ignoring input
Finding missing .gz to .parquet conversions...
Found 6396 files to convert
Using 8 parallel workers (available memory: 91.3 GB)
[1/6396] ✓ cdx-00176.gz: 9,804,169 records, 486.3 MB
[2/6396] ✓ cdx-00181.gz: 11,015,751 records, 550.6 MB
[3/6396] ✓ cdx-00174.gz: 11,445,717 records, 590.3 MB
[4/6396] ✓ cdx-00175.gz: 11,721,105 records, 583.9 MB
[5/6396] ✓ cdx-00178.gz: 12,149,979 records, 631.4 MB
[6/6396] ✓ cdx-00180.gz: 12,937,485 records, 649.6 MB
[7/6396] ✓ cdx-00177.gz: 13,438,016 records, 676.7 MB
[8/6396] ✓ cdx-00179.gz: 13,547,315 records, 690.7 MB
[9/6396] ✓ cdx-00182.gz: 11,036,912 records, 549.1 MB
[10/6396] ✓ cdx-00184.gz: 11,109,299 records, 563.9 MB
[11/6396] ✓ cdx-00185.gz: 11,803,225 records, 588.4 MB
[12/6396] ✓ cdx-00189.gz: 11,241,989 records, 560.9 MB
[13/6396] ✓ cdx-00183.gz: 14,382,774 records, 713.9 MB
[14/6396] ✓ cdx-00186.gz: 13,713,213 records, 711.6 MB
[15/6396] ✓ cdx-00187.gz: 15,459,013 records, 787.8 MB
[16/6396] ✓ cdx-00188.gz: 16,092,301 records, 805.3 MB
[17/6396] ✓ cdx-00190.gz: 9,547,605 records, 468.9 MB
[18/6396] ✓ cdx-00191.gz: 8,883,162 records, 429.5 MB
[19/6396] ✓ cdx-00195.gz: 8,101,944 records, 433.8 MB
[20/6396] ✓ cdx-00194.gz: 9,964,984 records, 524.8 MB
[21/6396] ✓ cdx-00193.gz: 12,696,086 records, 673.3 MB
[22/6396] ✓ cdx-00192.gz: 17,450,249 records, 950.4 MB
[23/6396] ✓ cdx-00199.gz: 10,647,272 records, 544.2 MB
[24/6396] ✓ cdx-00198.gz: 12,774,722 records, 646.3 MB
[25/6396] ✓ cdx-00197.gz: 14,508,067 records, 734.6 MB
[26/6396] ✓ cdx-00196.gz: 15,948,871 records, 821.9 MB
[27/6396] ✓ cdx-00202.gz: 8,103,028 records, 398.6 MB
[28/6396] ✓ cdx-00200.gz: 12,623,929 records, 622.8 MB
[29/6396] ✓ cdx-00201.gz: 14,899,132 records, 732.6 MB
[30/6396] ✓ cdx-00203.gz: 10,320,647 records, 573.5 MB
[31/6396] ✓ cdx-00205.gz: 11,628,972 records, 591.5 MB
[32/6396] ✓ cdx-00204.gz: 13,485,406 records, 733.3 MB
[33/6396] ✓ cdx-00207.gz: 11,857,550 records, 616.3 MB
[34/6396] ✓ cdx-00206.gz: 14,030,396 records, 725.7 MB
[35/6396] ✓ cdx-00209.gz: 14,187,655 records, 721.2 MB
[36/6396] ✓ cdx-00208.gz: 16,508,111 records, 845.2 MB
[37/6396] ✓ cdx-00210.gz: 12,820,509 records, 584.1 MB
[38/6396] ✓ cdx-00211.gz: 11,533,042 records, 490.6 MB
[39/6396] ✓ cdx-00214.gz: 9,960,219 records, 431.4 MB
[40/6396] ✓ cdx-00213.gz: 10,881,285 records, 473.0 MB
[41/6396] ✓ cdx-00212.gz: 12,251,255 records, 525.4 MB
[42/6396] ✓ cdx-00215.gz: 11,572,693 records, 504.9 MB
[43/6396] ✓ cdx-00218.gz: 9,759,675 records, 545.1 MB
[44/6396] ✓ cdx-00216.gz: 12,431,581 records, 579.8 MB
[45/6396] ✓ cdx-00217.gz: 13,202,315 records, 612.9 MB
[46/6396] ✓ cdx-00219.gz: 12,940,562 records, 658.6 MB
[47/6396] ✓ cdx-00220.gz: 10,489,840 records, 546.6 MB
[48/6396] ✓ cdx-00221.gz: 14,434,106 records, 759.6 MB
[49/6396] ✓ cdx-00222.gz: 14,632,450 records, 732.1 MB
[50/6396] ✓ cdx-00223.gz: 13,408,587 records, 656.3 MB
[51/6396] ✓ cdx-00224.gz: 11,598,531 records, 557.0 MB
[52/6396] ✓ cdx-00225.gz: 12,165,690 records, 587.4 MB
[53/6396] ✓ cdx-00227.gz: 12,682,164 records, 613.2 MB
[54/6396] ✓ cdx-00228.gz: 11,841,670 records, 567.6 MB
[55/6396] ✓ cdx-00226.gz: 14,620,684 records, 701.9 MB
[56/6396] ✓ cdx-00229.gz: 12,883,013 records, 612.3 MB
[57/6396] ✓ cdx-00231.gz: 13,341,973 records, 646.7 MB
[58/6396] ✓ cdx-00232.gz: 11,533,263 records, 600.0 MB
[59/6396] ✓ cdx-00230.gz: 15,674,932 records, 773.0 MB
[60/6396] ✓ cdx-00233.gz: 12,605,240 records, 614.3 MB
[61/6396] ✓ cdx-00235.gz: 11,599,232 records, 566.2 MB
[62/6396] ✓ cdx-00234.gz: 12,836,708 records, 621.6 MB
[63/6396] ✓ cdx-00236.gz: 12,525,249 records, 606.4 MB
[64/6396] ✓ cdx-00237.gz: 11,946,474 records, 587.3 MB
[65/6396] ✓ cdx-00240.gz: 9,521,318 records, 471.9 MB
[66/6396] ✓ cdx-00241.gz: 9,354,808 records, 475.2 MB
[67/6396] ✓ cdx-00239.gz: 11,946,935 records, 584.9 MB
[68/6396] ✓ cdx-00238.gz: 13,797,579 records, 682.4 MB
[69/6396] ✓ cdx-00242.gz: 11,041,703 records, 531.2 MB
[70/6396] ✓ cdx-00244.gz: 9,444,513 records, 457.7 MB
[71/6396] ✓ cdx-00243.gz: 11,792,394 records, 575.8 MB
[72/6396] ✓ cdx-00246.gz: 11,065,299 records, 531.8 MB
[73/6396] ✓ cdx-00247.gz: 10,177,824 records, 490.6 MB
[74/6396] ✓ cdx-00245.gz: 12,190,447 records, 583.9 MB
[75/6396] ✓ cdx-00248.gz: 11,661,215 records, 569.7 MB
[76/6396] ✓ cdx-00250.gz: 9,042,213 records, 440.8 MB
[77/6396] ✓ cdx-00249.gz: 10,853,415 records, 522.5 MB
[78/6396] ✓ cdx-00252.gz: 8,992,490 records, 431.5 MB
[79/6396] ✓ cdx-00251.gz: 14,453,348 records, 701.6 MB
[80/6396] ✓ cdx-00254.gz: 11,761,040 records, 568.6 MB
[81/6396] ✓ cdx-00255.gz: 12,576,185 records, 606.8 MB
[82/6396] ✓ cdx-00253.gz: 12,851,629 records, 617.9 MB
[83/6396] ✓ cdx-00256.gz: 11,785,793 records, 571.7 MB
[84/6396] ✓ cdx-00257.gz: 11,136,149 records, 540.1 MB
[85/6396] ✓ cdx-00259.gz: 12,516,278 records, 645.1 MB
[86/6396] ✓ cdx-00258.gz: 16,243,981 records, 790.4 MB
[87/6396] ✓ cdx-00260.gz: 11,586,774 records, 572.3 MB
[88/6396] ✓ cdx-00261.gz: 13,124,438 records, 665.2 MB
[89/6396] ✓ cdx-00264.gz: 12,057,131 records, 605.7 MB
[90/6396] ✓ cdx-00262.gz: 14,549,053 records, 732.5 MB
[91/6396] ✓ cdx-00265.gz: 14,282,988 records, 724.5 MB
[92/6396] ✓ cdx-00263.gz: 16,277,618 records, 813.9 MB
[93/6396] ✓ cdx-00267.gz: 14,157,234 records, 716.7 MB
[94/6396] ✓ cdx-00266.gz: 17,653,555 records, 918.3 MB
[95/6396] ✓ cdx-00268.gz: 14,269,012 records, 689.1 MB
[96/6396] ✓ cdx-00269.gz: 12,322,942 records, 599.9 MB
[97/6396] ✓ cdx-00270.gz: 12,193,691 records, 590.4 MB
[98/6396] ✓ cdx-00273.gz: 10,905,194 records, 524.9 MB
[99/6396] ✓ cdx-00272.gz: 13,030,735 records, 636.2 MB
[100/6396] ✓ cdx-00271.gz: 14,040,867 records, 675.1 MB
  Progress: 100/6396 (1.6%), Memory: 91.8% used
[101/6396] ✓ cdx-00274.gz: 11,643,854 records, 566.7 MB
[102/6396] ✓ cdx-00275.gz: 13,596,487 records, 662.7 MB
[103/6396] ✓ cdx-00276.gz: 12,953,573 records, 625.4 MB
[104/6396] ✓ cdx-00278.gz: 11,146,206 records, 548.5 MB
[105/6396] ✓ cdx-00277.gz: 14,039,201 records, 688.0 MB
[106/6396] ✓ cdx-00279.gz: 11,087,829 records, 724.7 MB
[107/6396] ✓ cdx-00281.gz: 11,510,917 records, 561.6 MB
[108/6396] ✓ cdx-00280.gz: 14,202,918 records, 708.4 MB
[109/6396] ✓ cdx-00283.gz: 12,190,759 records, 607.1 MB
[110/6396] ✓ cdx-00282.gz: 15,647,540 records, 775.1 MB
[111/6396] ✓ cdx-00284.gz: 12,512,791 records, 629.2 MB
[112/6396] ✓ cdx-00285.gz: 15,403,869 records, 803.8 MB
[113/6396] ✓ cdx-00286.gz: 13,217,448 records, 688.8 MB
[114/6396] ✓ cdx-00288.gz: 12,292,378 records, 603.9 MB
[115/6396] ✓ cdx-00287.gz: 13,930,666 records, 669.9 MB
[116/6396] ✓ cdx-00289.gz: 13,429,143 records, 686.1 MB
[117/6396] ✓ cdx-00292.gz: 13,022,136 records, 620.7 MB
[118/6396] ✓ cdx-00290.gz: 15,594,017 records, 752.4 MB
[119/6396] ✓ cdx-00291.gz: 14,504,414 records, 702.1 MB
[120/6396] ✓ cdx-00294.gz: 10,511,823 records, 515.3 MB
[121/6396] ✓ cdx-00295.gz: 9,669,130 records, 464.0 MB
[122/6396] ✓ cdx-00293.gz: 14,078,559 records, 679.6 MB
[123/6396] ✓ cdx-00296.gz: 15,883,367 records, 824.3 MB
[124/6396] ✓ cdx-00298.gz: 8,379,505 records, 426.6 MB
[125/6396] ✓ cdx-00001.gz: 8,255,697 records, 408.1 MB
[126/6396] ✓ cdx-00297.gz: 13,709,722 records, 698.8 MB
[127/6396] ✓ cdx-00299.gz: 11,146,446 records, 552.3 MB
[128/6396] ✓ cdx-00000.gz: 10,986,516 records, 545.6 MB
[129/6396] ✓ cdx-00002.gz: 11,663,655 records, 602.8 MB
[130/6396] ✓ cdx-00003.gz: 10,840,058 records, 535.9 MB
[131/6396] ✓ cdx-00007.gz: 9,615,611 records, 468.2 MB
[132/6396] ✓ cdx-00005.gz: 11,846,468 records, 581.7 MB
[133/6396] ✓ cdx-00008.gz: 9,087,212 records, 446.7 MB
[134/6396] ✓ cdx-00006.gz: 11,944,473 records, 610.7 MB
[135/6396] ✓ cdx-00004.gz: 13,870,847 records, 675.9 MB
[136/6396] ✓ cdx-00009.gz: 11,030,120 records, 585.3 MB
[137/6396] ✓ cdx-00011.gz: 10,418,159 records, 547.0 MB
[138/6396] ✓ cdx-00010.gz: 12,687,806 records, 659.1 MB
[139/6396] ✓ cdx-00015.gz: 9,009,269 records, 449.9 MB
[140/6396] ✓ cdx-00016.gz: 9,238,271 records, 458.0 MB
[141/6396] ✓ cdx-00014.gz: 10,731,773 records, 532.0 MB
[142/6396] ✓ cdx-00013.gz: 11,215,820 records, 572.9 MB
[143/6396] ✓ cdx-00012.gz: 13,436,870 records, 721.8 MB
[144/6396] ✓ cdx-00017.gz: 10,236,631 records, 507.1 MB
[145/6396] ✓ cdx-00018.gz: 9,598,175 records, 468.2 MB
[146/6396] ✓ cdx-00019.gz: 10,807,837 records, 539.1 MB
[147/6396] ✓ cdx-00021.gz: 9,721,407 records, 418.4 MB
[148/6396] ✓ cdx-00020.gz: 11,338,016 records, 594.3 MB
[149/6396] ✓ cdx-00024.gz: 9,452,747 records, 464.4 MB
[150/6396] ✓ cdx-00022.gz: 11,938,517 records, 490.5 MB
[151/6396] ✓ cdx-00023.gz: 12,306,320 records, 572.9 MB
[152/6396] ✓ cdx-00026.gz: 10,742,112 records, 509.5 MB
[153/6396] ✓ cdx-00025.gz: 15,330,512 records, 706.5 MB
[154/6396] ✓ cdx-00027.gz: 12,387,961 records, 617.4 MB
[155/6396] ✓ cdx-00028.gz: 12,283,514 records, 598.6 MB
[156/6396] ✓ cdx-00029.gz: 11,679,171 records, 578.6 MB
[157/6396] ✓ cdx-00031.gz: 10,954,063 records, 539.0 MB
[158/6396] ✓ cdx-00030.gz: 11,783,023 records, 589.8 MB
[159/6396] ✓ cdx-00032.gz: 10,249,685 records, 509.8 MB
[160/6396] ✓ cdx-00033.gz: 10,379,382 records, 509.2 MB
[161/6396] ✓ cdx-00034.gz: 9,481,179 records, 469.2 MB
[162/6396] ✓ cdx-00035.gz: 10,290,113 records, 507.6 MB
[163/6396] ✓ cdx-00037.gz: 10,183,970 records, 500.1 MB
[164/6396] ✓ cdx-00036.gz: 11,181,496 records, 570.6 MB
[165/6396] ✓ cdx-00038.gz: 11,411,034 records, 567.4 MB
[166/6396] ✓ cdx-00039.gz: 10,789,684 records, 541.1 MB
[167/6396] ✓ cdx-00041.gz: 11,067,445 records, 541.8 MB
[168/6396] ✓ cdx-00042.gz: 11,910,532 records, 592.0 MB
[169/6396] ✓ cdx-00043.gz: 11,245,523 records, 568.6 MB
[170/6396] ✓ cdx-00045.gz: 10,077,588 records, 495.8 MB
[171/6396] ✓ cdx-00044.gz: 12,230,831 records, 602.4 MB
[172/6396] ✓ cdx-00047.gz: 10,743,418 records, 516.3 MB
[173/6396] ✓ cdx-00040.gz: 22,015,262 records, 1054.3 MB
[174/6396] ✓ cdx-00046.gz: 11,634,101 records, 567.0 MB
[175/6396] ✓ cdx-00048.gz: 10,743,751 records, 519.7 MB
[176/6396] ✓ cdx-00049.gz: 10,427,862 records, 509.8 MB
[177/6396] ✓ cdx-00050.gz: 11,694,013 records, 560.9 MB
[178/6396] ✓ cdx-00051.gz: 10,768,046 records, 533.8 MB
[179/6396] ✓ cdx-00054.gz: 9,411,423 records, 462.7 MB
[180/6396] ✓ cdx-00056.gz: 9,090,501 records, 454.2 MB
[181/6396] ✓ cdx-00055.gz: 10,372,301 records, 513.7 MB
[182/6396] ✓ cdx-00052.gz: 12,909,352 records, 628.2 MB
[183/6396] ✓ cdx-00057.gz: 9,940,996 records, 482.2 MB
[184/6396] ✓ cdx-00053.gz: 15,212,051 records, 751.7 MB
[185/6396] ✓ cdx-00061.gz: 7,278,285 records, 390.8 MB
[186/6396] ✓ cdx-00058.gz: 11,368,451 records, 554.8 MB
[187/6396] ✓ cdx-00059.gz: 9,657,582 records, 475.9 MB
[188/6396] ✓ cdx-00060.gz: 11,892,431 records, 598.3 MB
[189/6396] ✓ cdx-00062.gz: 13,000,209 records, 641.9 MB
[190/6396] ✓ cdx-00063.gz: 13,026,497 records, 662.4 MB
[191/6396] ✓ cdx-00064.gz: 11,258,840 records, 574.2 MB
[192/6396] ✓ cdx-00066.gz: 9,023,431 records, 439.4 MB
[193/6396] ✓ cdx-00065.gz: 11,916,837 records, 542.5 MB
[194/6396] ✓ cdx-00067.gz: 12,926,273 records, 635.8 MB
[195/6396] ✓ cdx-00068.gz: 11,824,303 records, 592.1 MB
[196/6396] ✓ cdx-00071.gz: 8,675,532 records, 432.6 MB
[197/6396] ✓ cdx-00069.gz: 11,652,879 records, 566.3 MB
[198/6396] ✓ cdx-00072.gz: 10,773,306 records, 552.4 MB
[199/6396] ✓ cdx-00070.gz: 13,028,128 records, 638.3 MB
[200/6396] ✓ cdx-00073.gz: 11,784,131 records, 587.5 MB
  Progress: 200/6396 (3.1%), Memory: 28.2% used
[201/6396] ✓ cdx-00074.gz: 12,302,865 records, 594.6 MB
[202/6396] ✓ cdx-00076.gz: 12,072,753 records, 591.5 MB
[203/6396] ✓ cdx-00075.gz: 13,666,887 records, 637.7 MB
[204/6396] ✓ cdx-00077.gz: 11,135,569 records, 543.0 MB
[205/6396] ✓ cdx-00078.gz: 10,763,190 records, 563.9 MB
[206/6396] ✓ cdx-00079.gz: 10,127,463 records, 487.6 MB
[207/6396] ✓ cdx-00080.gz: 9,902,047 records, 489.2 MB
[208/6396] ✓ cdx-00081.gz: 11,168,678 records, 586.2 MB
[209/6396] ✓ cdx-00082.gz: 13,204,141 records, 668.2 MB
[210/6396] ✓ cdx-00083.gz: 11,963,515 records, 584.3 MB
[211/6396] ✓ cdx-00084.gz: 10,847,258 records, 526.8 MB
[212/6396] ✓ cdx-00087.gz: 10,678,559 records, 525.6 MB
[213/6396] ✓ cdx-00086.gz: 12,163,977 records, 587.7 MB
[214/6396] ✓ cdx-00085.gz: 13,164,754 records, 624.6 MB
[215/6396] ✓ cdx-00088.gz: 14,041,848 records, 695.5 MB
[216/6396] ✓ cdx-00089.gz: 12,415,432 records, 614.0 MB
[217/6396] ✓ cdx-00090.gz: 11,441,977 records, 574.3 MB
[218/6396] ✓ cdx-00091.gz: 10,954,437 records, 541.4 MB
[219/6396] ✓ cdx-00093.gz: 9,321,286 records, 458.9 MB
[220/6396] ✓ cdx-00094.gz: 10,381,292 records, 499.4 MB
[221/6396] ✓ cdx-00092.gz: 12,857,404 records, 641.4 MB
[222/6396] ✓ cdx-00095.gz: 11,329,160 records, 556.1 MB
[223/6396] ✓ cdx-00096.gz: 9,787,328 records, 486.3 MB
[224/6396] ✓ cdx-00097.gz: 12,216,987 records, 599.2 MB
[225/6396] ✓ cdx-00098.gz: 10,261,825 records, 525.5 MB
[226/6396] ✓ cdx-00099.gz: 9,171,995 records, 518.6 MB
[227/6396] ✓ cdx-00100.gz: 12,200,727 records, 602.4 MB
[228/6396] ✓ cdx-00103.gz: 10,250,784 records, 504.5 MB
[229/6396] ✓ cdx-00101.gz: 11,891,133 records, 583.6 MB
[230/6396] ✓ cdx-00102.gz: 11,833,514 records, 584.0 MB
[231/6396] ✓ cdx-00104.gz: 10,104,082 records, 497.0 MB
[232/6396] ✓ cdx-00105.gz: 9,099,396 records, 464.4 MB
[233/6396] ✓ cdx-00106.gz: 10,033,925 records, 524.9 MB
[234/6396] ✓ cdx-00107.gz: 10,823,359 records, 533.7 MB
[235/6396] ✓ cdx-00109.gz: 9,597,659 records, 484.0 MB
[236/6396] ✓ cdx-00108.gz: 10,808,422 records, 537.3 MB
[237/6396] ✓ cdx-00110.gz: 10,181,470 records, 509.5 MB
[238/6396] ✓ cdx-00111.gz: 10,750,449 records, 565.9 MB
[239/6396] ✓ cdx-00112.gz: 11,982,258 records, 597.1 MB
[240/6396] ✓ cdx-00113.gz: 13,369,562 records, 702.5 MB
[241/6396] ✓ cdx-00116.gz: 9,622,277 records, 482.2 MB
[242/6396] ✓ cdx-00114.gz: 13,151,309 records, 654.0 MB
[243/6396] ✓ cdx-00115.gz: 12,584,522 records, 626.8 MB
[244/6396] ✓ cdx-00118.gz: 9,822,748 records, 469.7 MB
[245/6396] ✓ cdx-00117.gz: 10,993,431 records, 543.5 MB
[246/6396] ✓ cdx-00120.gz: 9,396,042 records, 469.4 MB
[247/6396] ✓ cdx-00119.gz: 11,370,300 records, 568.3 MB
[248/6396] ✓ cdx-00122.gz: 10,284,658 records, 507.1 MB
[249/6396] ✓ cdx-00124.gz: 9,798,876 records, 484.7 MB
[250/6396] ✓ cdx-00125.gz: 9,765,226 records, 486.6 MB
[251/6396] ✓ cdx-00123.gz: 10,411,941 records, 652.5 MB
[252/6396] ✓ cdx-00121.gz: 13,232,023 records, 652.9 MB
[253/6396] ✓ cdx-00126.gz: 10,441,817 records, 514.4 MB
[254/6396] ✓ cdx-00127.gz: 12,085,293 records, 590.8 MB
[255/6396] ✓ cdx-00128.gz: 12,507,170 records, 620.6 MB
[256/6396] ✓ cdx-00132.gz: 7,694,485 records, 386.6 MB
[257/6396] ✓ cdx-00130.gz: 10,455,052 records, 513.9 MB
[258/6396] ✓ cdx-00129.gz: 12,216,974 records, 603.1 MB
[259/6396] ✓ cdx-00134.gz: 10,586,007 records, 524.9 MB
[260/6396] ✓ cdx-00133.gz: 11,704,477 records, 576.3 MB
[261/6396] ✓ cdx-00131.gz: 12,723,074 records, 636.0 MB
[262/6396] ✓ cdx-00135.gz: 11,465,017 records, 551.5 MB
[263/6396] ✓ cdx-00136.gz: 13,109,436 records, 641.0 MB
[264/6396] ✓ cdx-00137.gz: 12,134,150 records, 616.5 MB
[265/6396] ✓ cdx-00140.gz: 8,852,458 records, 446.7 MB
[266/6396] ✓ cdx-00139.gz: 10,862,174 records, 557.5 MB
[267/6396] ✓ cdx-00138.gz: 12,236,385 records, 621.6 MB
[268/6396] ✓ cdx-00141.gz: 10,843,708 records, 616.2 MB
[269/6396] ✓ cdx-00142.gz: 12,562,641 records, 622.3 MB
[270/6396] ✓ cdx-00143.gz: 10,359,184 records, 509.9 MB
[271/6396] ✓ cdx-00144.gz: 10,813,864 records, 536.8 MB
[272/6396] ✓ cdx-00145.gz: 11,934,791 records, 582.9 MB
[273/6396] ✓ cdx-00146.gz: 11,981,940 records, 588.2 MB
[274/6396] ✓ cdx-00147.gz: 11,094,122 records, 552.9 MB
[275/6396] ✓ cdx-00148.gz: 11,444,763 records, 565.9 MB
[276/6396] ✓ cdx-00150.gz: 9,701,217 records, 481.4 MB
[277/6396] ✓ cdx-00149.gz: 12,829,955 records, 637.5 MB
[278/6396] ✓ cdx-00151.gz: 11,323,780 records, 548.5 MB
[279/6396] ✓ cdx-00152.gz: 11,304,314 records, 758.4 MB
[280/6396] ✓ cdx-00154.gz: 9,486,407 records, 516.6 MB
[281/6396] ✓ cdx-00155.gz: 10,175,020 records, 469.9 MB
[282/6396] ✓ cdx-00153.gz: 11,221,638 records, 527.0 MB
[283/6396] ✓ cdx-00157.gz: 8,787,509 records, 440.1 MB
[284/6396] ✓ cdx-00156.gz: 11,919,450 records, 562.2 MB
[285/6396] ✓ cdx-00158.gz: 10,728,106 records, 530.6 MB
[286/6396] ✓ cdx-00159.gz: 10,486,467 records, 512.4 MB
[287/6396] ✓ cdx-00160.gz: 10,514,223 records, 526.4 MB
[288/6396] ✓ cdx-00161.gz: 11,027,482 records, 549.5 MB
[289/6396] ✓ cdx-00162.gz: 10,986,858 records, 551.9 MB
[290/6396] ✓ cdx-00163.gz: 10,550,406 records, 530.2 MB
[291/6396] ✓ cdx-00164.gz: 10,907,102 records, 537.3 MB
[292/6396] ✓ cdx-00165.gz: 11,844,410 records, 588.5 MB
[293/6396] ✓ cdx-00166.gz: 11,093,035 records, 548.6 MB
[294/6396] ✓ cdx-00167.gz: 10,056,140 records, 497.6 MB
[295/6396] ✓ cdx-00169.gz: 8,196,125 records, 407.1 MB
[296/6396] ✓ cdx-00168.gz: 10,887,727 records, 535.3 MB
[297/6396] ✓ cdx-00171.gz: 9,234,073 records, 459.4 MB
[298/6396] ✓ cdx-00170.gz: 10,066,062 records, 504.0 MB
[299/6396] ✓ cdx-00175.gz: 9,187,297 records, 456.8 MB
[300/6396] ✓ cdx-00173.gz: 11,048,782 records, 548.0 MB
  Progress: 300/6396 (4.7%), Memory: 71.9% used
[301/6396] ✓ cdx-00172.gz: 12,853,620 records, 639.0 MB
[302/6396] ✓ cdx-00174.gz: 12,288,097 records, 617.4 MB
[303/6396] ✓ cdx-00176.gz: 10,305,674 records, 534.4 MB
[304/6396] ✓ cdx-00177.gz: 9,895,217 records, 500.7 MB
[305/6396] ✓ cdx-00178.gz: 9,802,761 records, 482.2 MB
[306/6396] ✓ cdx-00179.gz: 11,007,761 records, 563.0 MB
[307/6396] ✓ cdx-00182.gz: 9,528,788 records, 473.0 MB
[308/6396] ✓ cdx-00183.gz: 9,240,851 records, 460.8 MB
[309/6396] ✓ cdx-00181.gz: 11,749,577 records, 596.4 MB
[310/6396] ✓ cdx-00180.gz: 12,123,251 records, 634.1 MB
[311/6396] ✓ cdx-00184.gz: 9,020,550 records, 442.9 MB
[312/6396] ✓ cdx-00185.gz: 10,332,441 records, 514.7 MB
[313/6396] ✓ cdx-00187.gz: 9,393,081 records, 470.7 MB
[314/6396] ✓ cdx-00186.gz: 11,796,567 records, 599.7 MB
[315/6396] ✓ cdx-00188.gz: 10,587,438 records, 548.5 MB
[316/6396] ✓ cdx-00189.gz: 10,838,795 records, 565.1 MB
[317/6396] ✓ cdx-00191.gz: 10,368,594 records, 517.9 MB
[318/6396] ✓ cdx-00190.gz: 11,125,898 records, 562.3 MB
[319/6396] ✓ cdx-00193.gz: 7,048,859 records, 336.6 MB
[320/6396] ✓ cdx-00192.gz: 10,179,326 records, 507.3 MB
[321/6396] ✓ cdx-00194.gz: 7,906,588 records, 385.1 MB
[322/6396] ✓ cdx-00198.gz: 7,728,845 records, 402.2 MB
[323/6396] ✓ cdx-00196.gz: 9,899,109 records, 524.9 MB
[324/6396] ✓ cdx-00197.gz: 10,124,889 records, 534.9 MB
[325/6396] ✓ cdx-00195.gz: 14,923,290 records, 824.6 MB
[326/6396] ✓ cdx-00199.gz: 12,112,471 records, 623.8 MB
[327/6396] ✓ cdx-00200.gz: 12,771,474 records, 647.7 MB
[328/6396] ✓ cdx-00202.gz: 11,364,399 records, 580.0 MB
[329/6396] ✓ cdx-00201.gz: 12,810,979 records, 649.1 MB
[330/6396] ✓ cdx-00205.gz: 7,740,641 records, 379.7 MB
[331/6396] ✓ cdx-00204.gz: 9,017,856 records, 442.3 MB
[332/6396] ✓ cdx-00203.gz: 13,882,519 records, 684.8 MB
[333/6396] ✓ cdx-00207.gz: 10,085,469 records, 513.9 MB
[334/6396] ✓ cdx-00209.gz: 9,951,439 records, 518.5 MB
[335/6396] ✓ cdx-00206.gz: 12,818,452 records, 749.1 MB
[336/6396] ✓ cdx-00208.gz: 11,524,862 records, 592.3 MB
[337/6396] ✓ cdx-00210.gz: 12,496,546 records, 645.2 MB
[338/6396] ✓ cdx-00211.gz: 10,980,092 records, 567.1 MB
[339/6396] ✓ cdx-00212.gz: 12,617,123 records, 642.7 MB
[340/6396] ✓ cdx-00214.gz: 11,000,342 records, 474.1 MB
[341/6396] ✓ cdx-00215.gz: 10,456,460 records, 445.6 MB
[342/6396] ✓ cdx-00213.gz: 11,963,805 records, 536.8 MB
[343/6396] ✓ cdx-00216.gz: 11,043,329 records, 476.3 MB
[344/6396] ✓ cdx-00217.gz: 11,570,661 records, 503.8 MB
[345/6396] ✓ cdx-00219.gz: 11,069,472 records, 514.4 MB
[346/6396] ✓ cdx-00220.gz: 9,698,783 records, 507.9 MB
[347/6396] ✓ cdx-00218.gz: 15,302,912 records, 688.1 MB
[348/6396] ✓ cdx-00221.gz: 10,353,710 records, 522.3 MB
[349/6396] ✓ cdx-00222.gz: 9,958,049 records, 534.0 MB
[350/6396] ✓ cdx-00223.gz: 11,209,358 records, 578.8 MB
[351/6396] ✓ cdx-00225.gz: 10,397,113 records, 509.5 MB
[352/6396] ✓ cdx-00224.gz: 11,004,233 records, 571.1 MB
[353/6396] ✓ cdx-00227.gz: 9,911,935 records, 482.8 MB
[354/6396] ✓ cdx-00226.gz: 13,151,074 records, 633.0 MB
[355/6396] ✓ cdx-00228.gz: 12,513,479 records, 596.3 MB
[356/6396] ✓ cdx-00229.gz: 10,479,708 records, 504.2 MB
[357/6396] ✓ cdx-00231.gz: 9,078,397 records, 428.8 MB
[358/6396] ✓ cdx-00230.gz: 13,337,442 records, 640.9 MB
[359/6396] ✓ cdx-00233.gz: 11,939,290 records, 581.5 MB
[360/6396] ✓ cdx-00232.gz: 14,862,767 records, 716.3 MB
[361/6396] ✓ cdx-00234.gz: 12,055,233 records, 622.8 MB
[362/6396] ✓ cdx-00237.gz: 11,657,595 records, 571.4 MB
[363/6396] ✓ cdx-00235.gz: 13,172,073 records, 645.1 MB
[364/6396] ✓ cdx-00236.gz: 12,162,344 records, 590.9 MB
[365/6396] ✓ cdx-00238.gz: 12,249,951 records, 595.5 MB
[366/6396] ✓ cdx-00239.gz: 9,913,936 records, 492.4 MB
[367/6396] ✓ cdx-00240.gz: 10,165,985 records, 506.6 MB
[368/6396] ✓ cdx-00241.gz: 10,703,486 records, 524.5 MB
[369/6396] ✓ cdx-00243.gz: 7,528,652 records, 371.6 MB
[370/6396] ✓ cdx-00242.gz: 10,963,551 records, 556.3 MB
[371/6396] ✓ cdx-00244.gz: 9,341,829 records, 456.4 MB
[372/6396] ✓ cdx-00246.gz: 8,916,256 records, 424.0 MB
[373/6396] ✓ cdx-00247.gz: 9,283,300 records, 444.0 MB
[374/6396] ✓ cdx-00245.gz: 11,002,454 records, 534.2 MB
[375/6396] ✓ cdx-00248.gz: 12,420,550 records, 596.2 MB
[376/6396] ✓ cdx-00253.gz: 8,092,518 records, 392.5 MB
[377/6396] ✓ cdx-00250.gz: 10,718,280 records, 518.2 MB
[378/6396] ✓ cdx-00252.gz: 8,987,334 records, 432.8 MB
[379/6396] ✓ cdx-00251.gz: 10,514,319 records, 518.3 MB
[380/6396] ✓ cdx-00249.gz: 11,930,469 records, 586.2 MB
[381/6396] ✓ cdx-00254.gz: 10,466,490 records, 499.6 MB
[382/6396] ✓ cdx-00255.gz: 11,439,045 records, 556.3 MB
[383/6396] ✓ cdx-00258.gz: 8,938,672 records, 435.7 MB
[384/6396] ✓ cdx-00257.gz: 9,396,206 records, 458.4 MB
[385/6396] ✓ cdx-00256.gz: 12,315,068 records, 596.3 MB
[386/6396] ✓ cdx-00260.gz: 11,815,331 records, 602.7 MB
[387/6396] ✓ cdx-00261.gz: 12,470,943 records, 622.2 MB
[388/6396] ✓ cdx-00262.gz: 11,102,546 records, 558.8 MB
[389/6396] ✓ cdx-00259.gz: 15,894,049 records, 772.8 MB
[390/6396] ✓ cdx-00265.gz: 10,805,743 records, 544.0 MB
[391/6396] ✓ cdx-00263.gz: 15,407,066 records, 771.8 MB
[392/6396] ✓ cdx-00266.gz: 11,779,818 records, 600.2 MB
[393/6396] ✓ cdx-00264.gz: 13,034,933 records, 654.4 MB
[394/6396] ✓ cdx-00268.gz: 11,649,220 records, 597.8 MB
[395/6396] ✓ cdx-00269.gz: 11,729,638 records, 570.9 MB
[396/6396] ✓ cdx-00270.gz: 10,315,148 records, 500.3 MB
[397/6396] ✓ cdx-00267.gz: 15,621,349 records, 818.0 MB
[398/6396] ✓ cdx-00272.gz: 11,977,153 records, 576.3 MB
[399/6396] ✓ cdx-00273.gz: 10,586,703 records, 526.0 MB
[400/6396] ✓ cdx-00271.gz: 12,496,824 records, 608.0 MB
  Progress: 400/6396 (6.3%), Memory: 88.4% used
[401/6396] ✓ cdx-00274.gz: 11,273,332 records, 540.9 MB
[402/6396] ✓ cdx-00275.gz: 11,093,864 records, 542.5 MB
[403/6396] ✓ cdx-00276.gz: 13,176,711 records, 638.7 MB
[404/6396] ✓ cdx-00278.gz: 12,427,095 records, 611.7 MB
[405/6396] ✓ cdx-00280.gz: 8,087,952 records, 571.1 MB
[406/6396] ✓ cdx-00277.gz: 14,665,600 records, 709.4 MB
[407/6396] ✓ cdx-00281.gz: 10,112,002 records, 496.8 MB
[408/6396] ✓ cdx-00279.gz: 12,577,975 records, 623.6 MB
[409/6396] ✓ cdx-00282.gz: 12,437,956 records, 610.4 MB
[410/6396] ✓ cdx-00283.gz: 10,744,619 records, 536.4 MB
[411/6396] ✓ cdx-00284.gz: 10,883,524 records, 542.9 MB
[412/6396] ✓ cdx-00285.gz: 9,810,953 records, 490.9 MB
[413/6396] ✓ cdx-00287.gz: 11,979,606 records, 635.1 MB
[414/6396] ✓ cdx-00289.gz: 10,147,015 records, 499.4 MB
[415/6396] ✓ cdx-00288.gz: 12,503,554 records, 600.0 MB
[416/6396] ✓ cdx-00290.gz: 9,972,596 records, 511.4 MB
[417/6396] ✓ cdx-00286.gz: 15,124,447 records, 790.7 MB
[418/6396] ✓ cdx-00291.gz: 12,729,003 records, 624.4 MB
[419/6396] ✓ cdx-00292.gz: 13,334,503 records, 655.9 MB
[420/6396] ✓ cdx-00296.gz: 9,793,190 records, 487.4 MB
[421/6396] ✓ cdx-00295.gz: 10,768,244 records, 520.8 MB
[422/6396] ✓ cdx-00298.gz: 9,816,724 records, 508.8 MB
